<?xml version="1.0" encoding="utf-8"?><testsuites name="pytest tests"><testsuite name="pytest" errors="0" failures="0" skipped="0" tests="30" time="50.413" timestamp="2026-03-07T07:34:22.922486+00:00" hostname="agent-env-9e8e8de1-4ced-4ee5-a29a-58787decd364"><testcase classname="backend.tests.test_static_deployer.TestRootAndStats" name="test_root_endpoint" time="0.107" /><testcase classname="backend.tests.test_static_deployer.TestRootAndStats" name="test_stats_endpoint" time="0.110" /><testcase classname="backend.tests.test_static_deployer.TestSourcesCRUD" name="test_get_all_sources" time="0.101" /><testcase classname="backend.tests.test_static_deployer.TestSourcesCRUD" name="test_create_source" time="0.333" /><testcase classname="backend.tests.test_static_deployer.TestSourcesCRUD" name="test_update_source" time="0.418" /><testcase classname="backend.tests.test_static_deployer.TestSourcesCRUD" name="test_delete_source" time="0.310" /><testcase classname="backend.tests.test_static_deployer.TestSourcesCRUD" name="test_get_nonexistent_source" time="0.108" /><testcase classname="backend.tests.test_static_deployer.TestDestinationsCRUD" name="test_get_all_destinations" time="0.102" /><testcase classname="backend.tests.test_static_deployer.TestDestinationsCRUD" name="test_create_destination_ftp" time="0.226" /><testcase classname="backend.tests.test_static_deployer.TestDestinationsCRUD" name="test_create_destination_sftp" time="0.219" /><testcase classname="backend.tests.test_static_deployer.TestDestinationsCRUD" name="test_update_destination" time="0.418" /><testcase classname="backend.tests.test_static_deployer.TestDestinationsCRUD" name="test_delete_destination" time="0.322" /><testcase classname="backend.tests.test_static_deployer.TestDeploymentConfigsCRUD" name="test_get_all_deployment_configs" time="0.524" /><testcase classname="backend.tests.test_static_deployer.TestDeploymentConfigsCRUD" name="test_create_deployment_config" time="0.713" /><testcase classname="backend.tests.test_static_deployer.TestDeploymentConfigsCRUD" name="test_create_deployment_config_invalid_source" time="0.506" /><testcase classname="backend.tests.test_static_deployer.TestDeploymentConfigsCRUD" name="test_update_deployment_config" time="0.876" /><testcase classname="backend.tests.test_static_deployer.TestDeploymentConfigsCRUD" name="test_delete_deployment_config" time="0.733" /><testcase classname="backend.tests.test_static_deployer.TestSchedules" name="test_get_all_schedules" time="0.705" /><testcase classname="backend.tests.test_static_deployer.TestSchedules" name="test_create_schedule" time="0.852" /><testcase classname="backend.tests.test_static_deployer.TestSchedules" name="test_toggle_schedule" time="1.157" /><testcase classname="backend.tests.test_static_deployer.TestSchedules" name="test_delete_schedule" time="36.804" /><testcase classname="backend.tests.test_static_deployer.TestSchedules" name="test_create_schedule_invalid_config" time="0.762" /><testcase classname="backend.tests.test_static_deployer.TestHistory" name="test_get_history" time="0.097" /><testcase classname="backend.tests.test_static_deployer.TestHistory" name="test_get_history_with_limit" time="0.105" /><testcase classname="backend.tests.test_static_deployer.TestCompare" name="test_compare_content" time="0.906" /><testcase classname="backend.tests.test_static_deployer.TestCompare" name="test_compare_files" time="0.789" /><testcase classname="backend.tests.test_static_deployer.TestCompare" name="test_compare_invalid_config" time="0.750" /><testcase classname="backend.tests.test_static_deployer.TestCrawler" name="test_start_crawler" time="0.394" /><testcase classname="backend.tests.test_static_deployer.TestCrawler" name="test_crawler_status" time="0.574" /><testcase classname="backend.tests.test_static_deployer.TestCrawler" name="test_crawler_status_invalid_job" time="0.324" /></testsuite></testsuites>