<?xml version="1.0" encoding="utf-8"?><testsuites name="pytest tests"><testsuite name="pytest" errors="0" failures="0" skipped="0" tests="17" time="6.649" timestamp="2026-03-07T07:44:49.274176+00:00" hostname="agent-env-9e8e8de1-4ced-4ee5-a29a-58787decd364"><testcase classname="backend.tests.test_preview_feature.TestPreviewFileListingAPI" name="test_preview_files_returns_404_for_nonexistent_job" time="0.379" /><testcase classname="backend.tests.test_preview_feature.TestPreviewFileListingAPI" name="test_preview_files_returns_400_for_incomplete_crawl" time="0.522" /><testcase classname="backend.tests.test_preview_feature.TestPreviewFileListingAPI" name="test_preview_files_after_crawl_completion" time="0.550" /><testcase classname="backend.tests.test_preview_feature.TestPreviewFileServingAPI" name="test_serve_preview_file_returns_404_for_nonexistent_job" time="0.851" /><testcase classname="backend.tests.test_preview_feature.TestPreviewFileServingAPI" name="test_serve_preview_file_index_html" time="0.638" /><testcase classname="backend.tests.test_preview_feature.TestPreviewFileServingAPI" name="test_serve_preview_file_default_to_index" time="0.759" /><testcase classname="backend.tests.test_preview_feature.TestPreviewFileServingAPI" name="test_serve_preview_file_returns_404_for_nonexistent_file" time="0.643" /><testcase classname="backend.tests.test_preview_feature.TestPreviewPathTraversalProtection" name="test_path_traversal_blocked_with_encoded_paths" time="0.734" /><testcase classname="backend.tests.test_preview_feature.TestPreviewPathTraversalProtection" name="test_cannot_access_files_outside_crawl_dir_encoded" time="0.708" /><testcase classname="backend.tests.test_preview_feature.TestPreviewAPIContract" name="test_files_endpoint_response_format" time="0.099" /><testcase classname="backend.tests.test_preview_feature.TestPreviewAPIContract" name="test_serve_endpoint_correct_content_types" time="0.099" /><testcase classname="backend.tests.test_preview_feature.TestQuickRegression" name="test_sources_list" time="0.101" /><testcase classname="backend.tests.test_preview_feature.TestQuickRegression" name="test_destinations_list" time="0.099" /><testcase classname="backend.tests.test_preview_feature.TestQuickRegression" name="test_deployment_configs_list" time="0.103" /><testcase classname="backend.tests.test_preview_feature.TestQuickRegression" name="test_schedules_list" time="0.102" /><testcase classname="backend.tests.test_preview_feature.TestQuickRegression" name="test_history_list" time="0.096" /><testcase classname="backend.tests.test_preview_feature.TestQuickRegression" name="test_stats_endpoint" time="0.098" /></testsuite></testsuites>